<?xml version="1.0" encoding="UTF-8"?>
<!-- Generated by org.testng.reporters.JUnitReportReporter -->
<testsuite skipped="0" hostname="Anonymous.local" name="NewTest" tests="1" failures="0" timestamp="14 十月 2017 09:43:30 GMT" time="20.900" errors="0">
  <testcase name="f" time="20.900" classname="NewTest"/>
</testsuite> <!-- NewTest -->
