<?xml version="1.0" encoding="UTF-8"?>
<!-- Generated by org.testng.reporters.JUnitReportReporter -->
<testsuite skipped="0" hostname="Anonymous.local" name="NewTest" tests="1" failures="0" timestamp="18 十月 2017 08:27:04 GMT" time="18.712" errors="0">
  <testcase name="openBasicAcct" time="18.712" classname="NewTest"/>
</testsuite> <!-- NewTest -->
